[ERROR] [2017-10-09 13:35:51][com.test.weixin.util.WeixinUtil]创建菜单失败 errcode:40019 errmsg:invalid button key size hint: [fTpkBa0342vr18]
[INFO] [2017-10-09 13:35:51][com.test.weixin.main.MenuManager]菜单创建失败，错误码：40019
[ERROR] [2017-10-09 13:39:58][com.test.weixin.util.WeixinUtil]创建菜单失败 errcode:40020 errmsg:invalid button url size hint: [0590vr20]
[INFO] [2017-10-09 13:39:58][com.test.weixin.main.MenuManager]菜单创建失败，错误码：40020
[INFO] [2017-10-09 13:40:55][com.test.weixin.main.MenuManager]菜单创建成功！
[INFO] [2017-10-11 15:49:28][com.test.weixin.main.MenuManager]菜单创建成功！
[INFO] [2017-10-11 15:51:33][com.test.weixin.main.MenuManager]菜单创建成功！
[INFO] [2017-10-11 15:55:30][com.test.weixin.main.MenuManager]菜单创建成功！
[INFO] [2017-10-11 15:56:02][com.test.weixin.main.MenuManager]菜单创建成功！
[INFO] [2017-10-11 16:08:19][com.test.weixin.main.MenuManager]菜单创建成功！
[INFO] [2017-10-11 16:08:42][com.test.weixin.main.MenuManager]菜单创建成功！
[INFO] [2017-10-12 20:40:25][com.test.weixin.main.MenuManager]菜单创建成功！
[ERROR] [2017-10-12 20:46:47][com.test.weixin.util.WeixinUtil]创建菜单失败 errcode:40055 errmsg:invalid button url domain hint: [f_Sdta0407vr24]
[INFO] [2017-10-12 20:46:47][com.test.weixin.main.MenuManager]菜单创建失败，错误码：40055
[ERROR] [2017-10-12 20:47:51][com.test.weixin.util.WeixinUtil]创建菜单失败 errcode:40055 errmsg:invalid button url domain hint: [za.EcA0471vr25]
[INFO] [2017-10-12 20:47:51][com.test.weixin.main.MenuManager]菜单创建失败，错误码：40055
[ERROR] [2017-10-12 20:49:39][com.test.weixin.util.WeixinUtil]创建菜单失败 errcode:40055 errmsg:invalid button url domain hint: [zoYN6a0580vr21]
[INFO] [2017-10-12 20:49:39][com.test.weixin.main.MenuManager]菜单创建失败，错误码：40055
[ERROR] [2017-10-12 20:49:57][com.test.weixin.util.WeixinUtil]创建菜单失败 errcode:40055 errmsg:invalid button url domain hint: [IKIr7a0598vr22]
[INFO] [2017-10-12 20:49:57][com.test.weixin.main.MenuManager]菜单创建失败，错误码：40055
[ERROR] [2017-10-12 20:51:45][com.test.weixin.util.WeixinUtil]创建菜单失败 errcode:40027 errmsg:invalid sub button url size hint: [T0705vr25]
[INFO] [2017-10-12 20:51:45][com.test.weixin.main.MenuManager]菜单创建失败，错误码：40027
[ERROR] [2017-10-12 20:56:52][com.test.weixin.util.WeixinUtil]创建菜单失败 errcode:40027 errmsg:invalid sub button url size hint: [rdW_TA0013vr26]
[INFO] [2017-10-12 20:56:52][com.test.weixin.main.MenuManager]菜单创建失败，错误码：40027
[INFO] [2017-10-12 21:00:18][com.test.weixin.main.MenuManager]菜单创建成功！
[INFO] [2017-10-12 21:01:27][com.test.weixin.main.MenuManager]菜单创建成功！
[INFO] [2017-10-12 21:07:44][com.test.weixin.main.MenuManager]菜单创建成功！
[INFO] [2017-10-12 21:08:51][com.test.weixin.main.MenuManager]菜单创建成功！
[INFO] [2017-10-12 21:13:35][com.test.weixin.main.MenuManager]菜单创建成功！
[INFO] [2017-10-13 10:16:03][com.test.weixin.main.MenuManager]菜单创建成功！
[INFO] [2017-10-13 10:18:34][com.test.weixin.main.MenuManager]菜单创建成功！
[INFO] [2017-10-14 15:01:50][com.test.weixin.main.MenuManager]菜单创建成功！
[ERROR] [2017-10-16 09:05:23][com.test.weixin.util.WeixinUtil]创建菜单失败 errcode:42001 errmsg:access_token expired hint: [5kJUma0910hsz3!]
[INFO] [2017-10-16 09:05:23][com.test.weixin.main.MenuManager]菜单创建失败，错误码：42001
[INFO] [2017-10-16 09:06:54][com.test.weixin.main.MenuManager]菜单创建成功！
[INFO] [2017-10-16 09:09:44][com.test.weixin.main.MenuManager]菜单创建成功！
[INFO] [2017-10-16 15:33:35][com.test.weixin.main.MenuManager]菜单创建成功！
[INFO] [2017-10-16 15:34:26][com.test.weixin.main.MenuManager]菜单创建成功！
[ERROR] [2017-10-19 10:41:46][com.test.weixin.util.WeixinUtil]创建菜单失败 errcode:40024 errmsg:invalid sub button type hint: [4RbZTa0890vr24]
[INFO] [2017-10-19 10:41:46][com.test.weixin.main.MenuManager]菜单创建失败，错误码：40024
[ERROR] [2017-10-19 10:44:08][com.test.weixin.util.WeixinUtil]创建菜单失败 errcode:40024 errmsg:invalid sub button type hint: [Kd9qCa0032vr25]
[INFO] [2017-10-19 10:44:08][com.test.weixin.main.MenuManager]菜单创建失败，错误码：40024
[INFO] [2017-10-19 10:45:10][com.test.weixin.main.MenuManager]菜单创建成功！
